2026-04-11 19:54:25,397 - INFO - ============================================================
2026-04-11 19:54:25,397 - INFO - AI 新闻日报 v2.1 启动
2026-04-11 19:54:25,397 - INFO - ============================================================
2026-04-11 19:54:25,405 - INFO - 启动并发抓取（4 线程）...
2026-04-11 19:54:25,780 - INFO - [机器之心] 获取 0 条, 跳过 0 条已存在
2026-04-11 19:54:27,106 - INFO - [量子位] 获取 1 条, 跳过 0 条已存在
2026-04-11 19:54:28,860 - INFO - [InfoQ] 获取 1 条, 跳过 6 条已存在
2026-04-11 19:54:29,058 - INFO - [雷锋网] 获取 0 条, 跳过 0 条已存在
2026-04-11 19:54:29,707 - WARNING - 请求失败 (1/3): https://www.zhidx.com/feed, 错误: 500 Server Error: Internal Server Error for url: https://www.zhidx.com/feed
2026-04-11 19:54:33,587 - WARNING - 请求失败 (2/3): https://www.zhidx.com/feed, 错误: 500 Server Error: Internal Server Error for url: https://www.zhidx.com/feed
2026-04-11 19:54:38,470 - ERROR - 请求最终失败: https://www.zhidx.com/feed, 错误: 500 Server Error: Internal Server Error for url: https://www.zhidx.com/feed
2026-04-11 19:54:38,470 - ERROR - [智东西] 抓取错误: 500 Server Error: Internal Server Error for url: https://www.zhidx.com/feed
2026-04-11 19:54:38,470 - INFO - [智东西] 获取 0 条, 跳过 0 条已存在
2026-04-11 19:54:39,304 - WARNING - 请求失败 (1/3): https://www.huxiu.com/rss, 错误: 404 Client Error: Not Found for url: https://www.huxiu.com/rss
2026-04-11 19:54:42,692 - INFO - [钛媒体] 获取 6 条, 跳过 1 条已存在
2026-04-11 19:54:42,824 - INFO - [TechCrunch AI] 获取 1 条, 跳过 0 条已存在
2026-04-11 19:54:42,944 - WARNING - 请求失败 (1/3): https://www.theverge.com/ai-artificial-intelligence/rss/index.xml, 错误: 404 Client Error: Not Found for url: https://www.theverge.com/ai-artificial-intelligence/rss/index.xml
2026-04-11 19:54:43,439 - WARNING - 请求失败 (2/3): https://www.huxiu.com/rss, 错误: 404 Client Error: Not Found for url: https://www.huxiu.com/rss
2026-04-11 19:54:44,137 - WARNING - 请求失败 (1/3): https://www.geekpark.net/rss, 错误: HTTPSConnectionPool(host='www.geekpark.net', port=443): Max retries exceeded with url: /rss (Caused by ConnectTimeoutError(<urllib3.connection.HTTPSConnection object at 0x7fc83d1933d0>, 'Connection to www.geekpark.net timed out. (connect timeout=15)'))
2026-04-11 19:54:44,929 - INFO - [36氪] 获取 9 条, 跳过 2 条已存在
2026-04-11 19:54:45,019 - INFO - [MIT Tech Review] 获取 0 条, 跳过 0 条已存在
2026-04-11 19:54:45,020 - WARNING - 请求失败 (2/3): https://www.theverge.com/ai-artificial-intelligence/rss/index.xml, 错误: 404 Client Error: Not Found for url: https://www.theverge.com/ai-artificial-intelligence/rss/index.xml
2026-04-11 19:54:48,200 - ERROR - 请求最终失败: https://www.huxiu.com/rss, 错误: 404 Client Error: Not Found for url: https://www.huxiu.com/rss
2026-04-11 19:54:48,200 - ERROR - [虎嗅] 抓取错误: 404 Client Error: Not Found for url: https://www.huxiu.com/rss
2026-04-11 19:54:48,200 - INFO - [虎嗅] 获取 0 条, 跳过 0 条已存在
2026-04-11 19:54:49,037 - ERROR - 请求最终失败: https://www.theverge.com/ai-artificial-intelligence/rss/index.xml, 错误: 404 Client Error: Not Found for url: https://www.theverge.com/ai-artificial-intelligence/rss/index.xml
2026-04-11 19:54:49,037 - ERROR - [The Verge AI] 抓取错误: 404 Client Error: Not Found for url: https://www.theverge.com/ai-artificial-intelligence/rss/index.xml
2026-04-11 19:54:49,038 - INFO - [The Verge AI] 获取 0 条, 跳过 0 条已存在
2026-04-11 19:55:01,188 - WARNING - 请求失败 (2/3): https://www.geekpark.net/rss, 错误: HTTPSConnectionPool(host='www.geekpark.net', port=443): Max retries exceeded with url: /rss (Caused by ConnectTimeoutError(<urllib3.connection.HTTPSConnection object at 0x7fc83f927c10>, 'Connection to www.geekpark.net timed out. (connect timeout=15)'))
2026-04-11 19:55:20,204 - ERROR - 请求最终失败: https://www.geekpark.net/rss, 错误: HTTPSConnectionPool(host='www.geekpark.net', port=443): Max retries exceeded with url: /rss (Caused by ConnectTimeoutError(<urllib3.connection.HTTPSConnection object at 0x7fc83d104b10>, 'Connection to www.geekpark.net timed out. (connect timeout=15)'))
2026-04-11 19:55:20,204 - ERROR - [极客公园] 抓取错误: HTTPSConnectionPool(host='www.geekpark.net', port=443): Max retries exceeded with url: /rss (Caused by ConnectTimeoutError(<urllib3.connection.HTTPSConnection object at 0x7fc83d104b10>, 'Connection to www.geekpark.net timed out. (connect timeout=15)'))
2026-04-11 19:55:20,204 - INFO - [极客公园] 获取 0 条, 跳过 0 条已存在
2026-04-11 19:55:20,205 - INFO - 总计: 18 条新闻
2026-04-11 19:55:20,205 - INFO - 去重后: 18 条
2026-04-11 19:55:20,205 - INFO - 精选: 10 条
2026-04-11 19:55:25,743 - INFO - 推送消息已保存: data/openclaw_message.txt
2026-04-11 19:55:25,743 - INFO - ============================================================
2026-04-12 18:23:52,867 - INFO - ============================================================
2026-04-12 18:23:52,867 - INFO - AI 新闻日报 v2.1 启动
2026-04-12 18:23:52,867 - INFO - ============================================================
2026-04-12 18:23:52,868 - INFO - 启动并发抓取（4 线程）...
2026-04-12 18:23:53,359 - INFO - [InfoQ] 获取 0 条, 跳过 5 条已存在
2026-04-12 18:23:53,440 - INFO - [机器之心] 获取 0 条, 跳过 0 条已存在
2026-04-12 18:23:53,925 - INFO - [量子位] 获取 2 条, 跳过 0 条已存在
2026-04-12 18:23:53,968 - INFO - [TechCrunch AI] 获取 0 条, 跳过 0 条已存在
2026-04-12 18:23:54,060 - INFO - [MIT Tech Review] 获取 0 条, 跳过 0 条已存在
2026-04-12 18:23:54,139 - INFO - [Wired] 获取 0 条, 跳过 0 条已存在
2026-04-12 18:23:54,197 - INFO - [Ars Technica] 获取 0 条, 跳过 0 条已存在
2026-04-12 18:23:55,928 - INFO - [雷锋网] 获取 0 条, 跳过 0 条已存在
